This is pdfTeX, Version 3.14159265-2.6-1.40.15 (TeX Live 2014) (preloaded format=pdflatex 2015.3.10)  9 DEC 2015 09:22
entering extended mode
 restricted \write18 enabled.
 %&-line parsing enabled.
**TheoryOfAbstractObjectsV1.tex
(./TheoryOfAbstractObjectsV1.tex
LaTeX2e <2014/05/01>
Babel <3.9k> and hyphenation patterns for 78 languages loaded.
)
*
(Please type a command or say `\end')
*^^X^^X
! Text line contains an invalid character.
<*> ^^X
       ^^X
? x
 
Here is how much of TeX's memory you used:
 5 strings out of 493117
 199 string characters out of 6135433
 52909 words of memory out of 5000000
 3568 multiletter control sequences out of 15000+600000
 3640 words of font info for 14 fonts, out of 8000000 for 9000
 1141 hyphenation exceptions out of 8191
 5i,0n,1p,6b,8s stack positions out of 5000i,500n,10000p,200000b,80000s
No pages of output.
PDF statistics:
 0 PDF objects out of 1000 (max. 8388607)
 0 named destinations out of 1000 (max. 500000)
 1 words of extra memory for PDF output out of 10000 (max. 10000000)

